d:\myfile\irrlicht\source\irrlicht\obj\debug64\vc143.pdb
d:\myfile\irrlicht\source\irrlicht\obj\debug64\cirrmeshfileloader.obj
d:\myfile\irrlicht\source\irrlicht\obj\debug64\cdmfloader.obj
d:\myfile\irrlicht\source\irrlicht\obj\debug64\ccsmloader.obj
d:\myfile\irrlicht\source\irrlicht\obj\debug64\ccolladafileloader.obj
d:\myfile\irrlicht\source\irrlicht\obj\debug64\cbspmeshfileloader.obj
d:\myfile\irrlicht\source\irrlicht\obj\debug64\cb3dmeshfileloader.obj
d:\myfile\irrlicht\source\irrlicht\obj\debug64\canimatedmeshmd3.obj
d:\myfile\irrlicht\source\irrlicht\obj\debug64\canimatedmeshmd2.obj
d:\myfile\irrlicht\source\irrlicht\obj\debug64\canimatedmeshhalflife.obj
d:\myfile\irrlicht\source\irrlicht\obj\debug64\csmfmeshfileloader.obj
d:\myfile\irrlicht\source\irrlicht\obj\debug64\c3dsmeshfileloader.obj
d:\myfile\irrlicht\source\irrlicht\obj\debug64\cscenemanager.obj
d:\myfile\irrlicht\source\irrlicht\obj\debug64\copenglcgmaterialrenderer.obj
d:\myfile\irrlicht\source\irrlicht\obj\debug64\cmeshmanipulator.obj
d:\myfile\irrlicht\source\irrlicht\obj\debug64\cmeshcache.obj
d:\myfile\irrlicht\source\irrlicht\obj\debug64\cgeometrycreator.obj
d:\myfile\irrlicht\source\irrlicht\obj\debug64\cdefaultscenenodefactory.obj
d:\myfile\irrlicht\source\irrlicht\obj\debug64\cdefaultscenenodeanimatorfactory.obj
d:\myfile\irrlicht\source\irrlicht\obj\debug64\cd3d9cgmaterialrenderer.obj
d:\myfile\irrlicht\source\irrlicht\obj\debug64\ccgmaterialrenderer.obj
d:\myfile\irrlicht\source\irrlicht\obj\debug64\cdummytransformationscenenode.obj
d:\myfile\irrlicht\source\irrlicht\obj\debug64\ccubescenenode.obj
d:\myfile\irrlicht\source\irrlicht\obj\debug64\ccamerascenenode.obj
d:\myfile\irrlicht\source\irrlicht\obj\debug64\cbonescenenode.obj
d:\myfile\irrlicht\source\irrlicht\obj\debug64\cbillboardscenenode.obj
d:\myfile\irrlicht\source\irrlicht\obj\debug64\canimatedmeshscenenode.obj
d:\myfile\irrlicht\source\irrlicht\obj\debug64\cxmeshfileloader.obj
d:\myfile\irrlicht\source\irrlicht\obj\debug64\cstlmeshfileloader.obj
d:\myfile\irrlicht\source\irrlicht\obj\debug64\cskinnedmesh.obj
d:\myfile\irrlicht\source\irrlicht\obj\debug64\cq3levelmesh.obj
d:\myfile\irrlicht\source\irrlicht\obj\debug64\cplymeshfileloader.obj
d:\myfile\irrlicht\source\irrlicht\obj\debug64\cogremeshfileloader.obj
d:\myfile\irrlicht\source\irrlicht\obj\debug64\coctloader.obj
d:\myfile\irrlicht\source\irrlicht\obj\debug64\cobjmeshfileloader.obj
d:\myfile\irrlicht\source\irrlicht\obj\debug64\cmy3dmeshfileloader.obj
d:\myfile\irrlicht\source\irrlicht\obj\debug64\cms3dmeshfileloader.obj
d:\myfile\irrlicht\source\irrlicht\obj\debug64\cmd3meshfileloader.obj
d:\myfile\irrlicht\source\irrlicht\obj\debug64\cmd2meshfileloader.obj
d:\myfile\irrlicht\source\irrlicht\obj\debug64\clwomeshfileloader.obj
d:\myfile\irrlicht\source\irrlicht\obj\debug64\clmtsmeshfileloader.obj
d:\myfile\irrlicht\source\irrlicht\obj\debug64\cparticlemeshemitter.obj
d:\myfile\irrlicht\source\irrlicht\obj\debug64\cparticlegravityaffector.obj
d:\myfile\irrlicht\source\irrlicht\obj\debug64\cparticlefadeoutaffector.obj
d:\myfile\irrlicht\source\irrlicht\obj\debug64\cparticlecylinderemitter.obj
d:\myfile\irrlicht\source\irrlicht\obj\debug64\cparticleboxemitter.obj
d:\myfile\irrlicht\source\irrlicht\obj\debug64\cparticleattractionaffector.obj
d:\myfile\irrlicht\source\irrlicht\obj\debug64\cparticleanimatedmeshscenenodeemitter.obj
d:\myfile\irrlicht\source\irrlicht\obj\debug64\cwatersurfacescenenode.obj
d:\myfile\irrlicht\source\irrlicht\obj\debug64\cvolumelightscenenode.obj
d:\myfile\irrlicht\source\irrlicht\obj\debug64\ctextscenenode.obj
d:\myfile\irrlicht\source\irrlicht\obj\debug64\cterrainscenenode.obj
d:\myfile\irrlicht\source\irrlicht\obj\debug64\cspherescenenode.obj
d:\myfile\irrlicht\source\irrlicht\obj\debug64\cskydomescenenode.obj
d:\myfile\irrlicht\source\irrlicht\obj\debug64\cskyboxscenenode.obj
d:\myfile\irrlicht\source\irrlicht\obj\debug64\cshadowvolumescenenode.obj
d:\myfile\irrlicht\source\irrlicht\obj\debug64\cquake3shaderscenenode.obj
d:\myfile\irrlicht\source\irrlicht\obj\debug64\coctreescenenode.obj
d:\myfile\irrlicht\source\irrlicht\obj\debug64\cmeshscenenode.obj
d:\myfile\irrlicht\source\irrlicht\obj\debug64\clightscenenode.obj
d:\myfile\irrlicht\source\irrlicht\obj\debug64\cemptyscenenode.obj
d:\myfile\irrlicht\source\irrlicht\obj\debug64\cscenenodeanimatorfollowspline.obj
d:\myfile\irrlicht\source\irrlicht\obj\debug64\cscenenodeanimatorflystraight.obj
d:\myfile\irrlicht\source\irrlicht\obj\debug64\cscenenodeanimatorflycircle.obj
d:\myfile\irrlicht\source\irrlicht\obj\debug64\cscenenodeanimatordelete.obj
d:\myfile\irrlicht\source\irrlicht\obj\debug64\cscenenodeanimatorcollisionresponse.obj
d:\myfile\irrlicht\source\irrlicht\obj\debug64\cscenenodeanimatorcameramaya.obj
d:\myfile\irrlicht\source\irrlicht\obj\debug64\cscenenodeanimatorcamerafps.obj
d:\myfile\irrlicht\source\irrlicht\obj\debug64\csceneloaderirr.obj
d:\myfile\irrlicht\source\irrlicht\obj\debug64\ctriangleselector.obj
d:\myfile\irrlicht\source\irrlicht\obj\debug64\ctrianglebbselector.obj
d:\myfile\irrlicht\source\irrlicht\obj\debug64\cterraintriangleselector.obj
d:\myfile\irrlicht\source\irrlicht\obj\debug64\cscenecollisionmanager.obj
d:\myfile\irrlicht\source\irrlicht\obj\debug64\coctreetriangleselector.obj
d:\myfile\irrlicht\source\irrlicht\obj\debug64\cmetatriangleselector.obj
d:\myfile\irrlicht\source\irrlicht\obj\debug64\cparticlesystemscenenode.obj
d:\myfile\irrlicht\source\irrlicht\obj\debug64\cparticlesphereemitter.obj
d:\myfile\irrlicht\source\irrlicht\obj\debug64\cparticlescaleaffector.obj
d:\myfile\irrlicht\source\irrlicht\obj\debug64\cparticlerotationaffector.obj
d:\myfile\irrlicht\source\irrlicht\obj\debug64\cparticleringemitter.obj
d:\myfile\irrlicht\source\irrlicht\obj\debug64\cparticlepointemitter.obj
d:\myfile\irrlicht\source\irrlicht\obj\debug64\ctrtexturegouraudwire.obj
d:\myfile\irrlicht\source\irrlicht\obj\debug64\ctrtexturegouraudnoz.obj
d:\myfile\irrlicht\source\irrlicht\obj\debug64\ctrtexturegouraudadd.obj
d:\myfile\irrlicht\source\irrlicht\obj\debug64\ctrtexturegouraud.obj
d:\myfile\irrlicht\source\irrlicht\obj\debug64\ctrtextureflatwire.obj
d:\myfile\irrlicht\source\irrlicht\obj\debug64\ctrtextureflat.obj
d:\myfile\irrlicht\source\irrlicht\obj\debug64\ctrgouraudwire.obj
d:\myfile\irrlicht\source\irrlicht\obj\debug64\ctrgouraud.obj
d:\myfile\irrlicht\source\irrlicht\obj\debug64\ctrflatwire.obj
d:\myfile\irrlicht\source\irrlicht\obj\debug64\ctrflat.obj
d:\myfile\irrlicht\source\irrlicht\obj\debug64\csoftwaretexture.obj
d:\myfile\irrlicht\source\irrlicht\obj\debug64\csoftwaredriver.obj
d:\myfile\irrlicht\source\irrlicht\obj\debug64\cvideomodelist.obj
d:\myfile\irrlicht\source\irrlicht\obj\debug64\cstlmeshwriter.obj
d:\myfile\irrlicht\source\irrlicht\obj\debug64\cplymeshwriter.obj
d:\myfile\irrlicht\source\irrlicht\obj\debug64\cobjmeshwriter.obj
d:\myfile\irrlicht\source\irrlicht\obj\debug64\cirrmeshwriter.obj
d:\myfile\irrlicht\source\irrlicht\obj\debug64\ccolladameshwriter.obj
d:\myfile\irrlicht\source\irrlicht\obj\debug64\cscenenodeanimatortexture.obj
d:\myfile\irrlicht\source\irrlicht\obj\debug64\cscenenodeanimatorrotation.obj
d:\myfile\irrlicht\source\irrlicht\obj\debug64\cimagewriterpcx.obj
d:\myfile\irrlicht\source\irrlicht\obj\debug64\cimagewriterjpg.obj
d:\myfile\irrlicht\source\irrlicht\obj\debug64\cimagewriterbmp.obj
d:\myfile\irrlicht\source\irrlicht\obj\debug64\cnulldriver.obj
d:\myfile\irrlicht\source\irrlicht\obj\debug64\cimage.obj
d:\myfile\irrlicht\source\irrlicht\obj\debug64\cfpscounter.obj
d:\myfile\irrlicht\source\irrlicht\obj\debug64\ccolorconverter.obj
d:\myfile\irrlicht\source\irrlicht\obj\debug64\cd3d8texture.obj
d:\myfile\irrlicht\source\irrlicht\obj\debug64\cd3d8shadermaterialrenderer.obj
d:\myfile\irrlicht\source\irrlicht\obj\debug64\cd3d8parallaxmaprenderer.obj
d:\myfile\irrlicht\source\irrlicht\obj\debug64\cd3d8normalmaprenderer.obj
d:\myfile\irrlicht\source\irrlicht\obj\debug64\cd3d8driver.obj
d:\myfile\irrlicht\source\irrlicht\obj\debug64\copengltexture.obj
d:\myfile\irrlicht\source\irrlicht\obj\debug64\copenglslmaterialrenderer.obj
d:\myfile\irrlicht\source\irrlicht\obj\debug64\copenglshadermaterialrenderer.obj
d:\myfile\irrlicht\source\irrlicht\obj\debug64\copenglparallaxmaprenderer.obj
d:\myfile\irrlicht\source\irrlicht\obj\debug64\copenglnormalmaprenderer.obj
d:\myfile\irrlicht\source\irrlicht\obj\debug64\copenglextensionhandler.obj
d:\myfile\irrlicht\source\irrlicht\obj\debug64\copengldriver.obj
d:\myfile\irrlicht\source\irrlicht\obj\debug64\czbuffer.obj
d:\myfile\irrlicht\source\irrlicht\obj\debug64\cd3d9texture.obj
d:\myfile\irrlicht\source\irrlicht\obj\debug64\cd3d9shadermaterialrenderer.obj
d:\myfile\irrlicht\source\irrlicht\obj\debug64\cd3d9parallaxmaprenderer.obj
d:\myfile\irrlicht\source\irrlicht\obj\debug64\cd3d9normalmaprenderer.obj
d:\myfile\irrlicht\source\irrlicht\obj\debug64\cd3d9hlslmaterialrenderer.obj
d:\myfile\irrlicht\source\irrlicht\obj\debug64\cd3d9driver.obj
d:\myfile\irrlicht\source\irrlicht\obj\debug64\cimageloaderwal.obj
d:\myfile\irrlicht\source\irrlicht\obj\debug64\cimageloadertga.obj
d:\myfile\irrlicht\source\irrlicht\obj\debug64\cimageloaderrgb.obj
d:\myfile\irrlicht\source\irrlicht\obj\debug64\cimageloaderpsd.obj
d:\myfile\irrlicht\source\irrlicht\obj\debug64\cimageloaderppm.obj
d:\myfile\irrlicht\source\irrlicht\obj\debug64\cimageloaderpng.obj
d:\myfile\irrlicht\source\irrlicht\obj\debug64\cimageloaderpcx.obj
d:\myfile\irrlicht\source\irrlicht\obj\debug64\cimageloaderjpg.obj
d:\myfile\irrlicht\source\irrlicht\obj\debug64\cimageloaderdds.obj
d:\myfile\irrlicht\source\irrlicht\obj\debug64\cimageloaderbmp.obj
d:\myfile\irrlicht\source\irrlicht\obj\debug64\cimagewritertga.obj
d:\myfile\irrlicht\source\irrlicht\obj\debug64\cimagewriterpsd.obj
d:\myfile\irrlicht\source\irrlicht\obj\debug64\cimagewriterppm.obj
d:\myfile\irrlicht\source\irrlicht\obj\debug64\cimagewriterpng.obj
d:\myfile\irrlicht\source\irrlicht\obj\debug64\ctrtexturelightmap2_m1.obj
d:\myfile\irrlicht\source\irrlicht\obj\debug64\ctrtexturelightmap2_add.obj
d:\myfile\irrlicht\source\irrlicht\obj\debug64\ctrtexturegouraudvertexalpha2.obj
d:\myfile\irrlicht\source\irrlicht\obj\debug64\ctrtexturegouraudnoz2.obj
d:\myfile\irrlicht\source\irrlicht\obj\debug64\ctrtexturegouraudalphanoz.obj
d:\myfile\irrlicht\source\irrlicht\obj\debug64\ctrtexturegouraudalpha.obj
d:\myfile\irrlicht\source\irrlicht\obj\debug64\ctrtexturegouraudaddnoz2.obj
d:\myfile\irrlicht\source\irrlicht\obj\debug64\ctrtexturegouraudadd2.obj
d:\myfile\irrlicht\source\irrlicht\obj\debug64\ctrtexturegouraud2.obj
d:\myfile\irrlicht\source\irrlicht\obj\debug64\ctrtexturedetailmap2.obj
d:\myfile\irrlicht\source\irrlicht\obj\debug64\ctrtextureblend.obj
d:\myfile\irrlicht\source\irrlicht\obj\debug64\ctrstencilshadow.obj
d:\myfile\irrlicht\source\irrlicht\obj\debug64\ctrnormalmap.obj
d:\myfile\irrlicht\source\irrlicht\obj\debug64\ctrgouraudalphanoz2.obj
d:\myfile\irrlicht\source\irrlicht\obj\debug64\ctrgouraudalpha2.obj
d:\myfile\irrlicht\source\irrlicht\obj\debug64\ctrgouraud2.obj
d:\myfile\irrlicht\source\irrlicht\obj\debug64\csoftwaretexture2.obj
d:\myfile\irrlicht\source\irrlicht\obj\debug64\csoftwaredriver2.obj
d:\myfile\irrlicht\source\irrlicht\obj\debug64\cdepthbuffer.obj
d:\myfile\irrlicht\source\irrlicht\obj\debug64\cburningshader_raster_reference.obj
d:\myfile\irrlicht\source\irrlicht\obj\debug64\cirrdevicestub.obj
d:\myfile\irrlicht\source\irrlicht\obj\debug64\cirrdevicesdl.obj
d:\myfile\irrlicht\source\irrlicht\obj\debug64\cirrdevicelinux.obj
d:\myfile\irrlicht\source\irrlicht\obj\debug64\cirrdevicefb.obj
d:\myfile\irrlicht\source\irrlicht\obj\debug64\cirrdeviceconsole.obj
d:\myfile\irrlicht\source\irrlicht\obj\debug64\sha2.obj
d:\myfile\irrlicht\source\irrlicht\obj\debug64\sha1.obj
d:\myfile\irrlicht\source\irrlicht\obj\debug64\fileenc.obj
d:\myfile\irrlicht\source\irrlicht\obj\debug64\aestab.obj
d:\myfile\irrlicht\source\irrlicht\obj\debug64\aeskey.obj
d:\myfile\irrlicht\source\irrlicht\obj\debug64\aescrypt.obj
d:\myfile\irrlicht\source\irrlicht\obj\debug64\os.obj
d:\myfile\irrlicht\source\irrlicht\obj\debug64\irrlicht.obj
d:\myfile\irrlicht\source\irrlicht\obj\debug64\cosoperator.obj
d:\myfile\irrlicht\source\irrlicht\obj\debug64\clogger.obj
d:\myfile\irrlicht\source\irrlicht\obj\debug64\iburningshader.obj
d:\myfile\irrlicht\source\irrlicht\obj\debug64\ctrtexturewire2.obj
d:\myfile\irrlicht\source\irrlicht\obj\debug64\ctrtexturelightmapgouraud2_m4.obj
d:\myfile\irrlicht\source\irrlicht\obj\debug64\ctrtexturelightmap2_m4.obj
d:\myfile\irrlicht\source\irrlicht\obj\debug64\ctrtexturelightmap2_m2.obj
d:\myfile\irrlicht\source\irrlicht\obj\debug64\cguibutton.obj
d:\myfile\irrlicht\source\irrlicht\obj\debug64\cdefaultguielementfactory.obj
d:\myfile\irrlicht\source\irrlicht\obj\debug64\irrxml.obj
d:\myfile\irrlicht\source\irrlicht\obj\debug64\czipreader.obj
d:\myfile\irrlicht\source\irrlicht\obj\debug64\cxmlwriter.obj
d:\myfile\irrlicht\source\irrlicht\obj\debug64\cxmlreader.obj
d:\myfile\irrlicht\source\irrlicht\obj\debug64\cwritefile.obj
d:\myfile\irrlicht\source\irrlicht\obj\debug64\cwadreader.obj
d:\myfile\irrlicht\source\irrlicht\obj\debug64\ctarreader.obj
d:\myfile\irrlicht\source\irrlicht\obj\debug64\creadfile.obj
d:\myfile\irrlicht\source\irrlicht\obj\debug64\cpakreader.obj
d:\myfile\irrlicht\source\irrlicht\obj\debug64\cnpkreader.obj
d:\myfile\irrlicht\source\irrlicht\obj\debug64\cmountpointreader.obj
d:\myfile\irrlicht\source\irrlicht\obj\debug64\cmemoryfile.obj
d:\myfile\irrlicht\source\irrlicht\obj\debug64\climitreadfile.obj
d:\myfile\irrlicht\source\irrlicht\obj\debug64\cfilesystem.obj
d:\myfile\irrlicht\source\irrlicht\obj\debug64\cfilelist.obj
d:\myfile\irrlicht\source\irrlicht\obj\debug64\cattributes.obj
d:\myfile\irrlicht\source\irrlicht\obj\debug64\cirrdevicewince.obj
d:\myfile\irrlicht\source\irrlicht\obj\debug64\cirrdevicewin32.obj
d:\myfile\irrlicht\source\irrlicht\obj\debug64\cguispritebank.obj
d:\myfile\irrlicht\source\irrlicht\obj\debug64\cguispinbox.obj
d:\myfile\irrlicht\source\irrlicht\obj\debug64\cguiskin.obj
d:\myfile\irrlicht\source\irrlicht\obj\debug64\cguiscrollbar.obj
d:\myfile\irrlicht\source\irrlicht\obj\debug64\cguimodalscreen.obj
d:\myfile\irrlicht\source\irrlicht\obj\debug64\cguimessagebox.obj
d:\myfile\irrlicht\source\irrlicht\obj\debug64\cguimeshviewer.obj
d:\myfile\irrlicht\source\irrlicht\obj\debug64\cguimenu.obj
d:\myfile\irrlicht\source\irrlicht\obj\debug64\cguilistbox.obj
d:\myfile\irrlicht\source\irrlicht\obj\debug64\cguiinoutfader.obj
d:\myfile\irrlicht\source\irrlicht\obj\debug64\cguiimagelist.obj
d:\myfile\irrlicht\source\irrlicht\obj\debug64\cguiimage.obj
d:\myfile\irrlicht\source\irrlicht\obj\debug64\cguifont.obj
d:\myfile\irrlicht\source\irrlicht\obj\debug64\cguifileopendialog.obj
d:\myfile\irrlicht\source\irrlicht\obj\debug64\cguienvironment.obj
d:\myfile\irrlicht\source\irrlicht\obj\debug64\cguieditbox.obj
d:\myfile\irrlicht\source\irrlicht\obj\debug64\cguicontextmenu.obj
d:\myfile\irrlicht\source\irrlicht\obj\debug64\cguicombobox.obj
d:\myfile\irrlicht\source\irrlicht\obj\debug64\cguicolorselectdialog.obj
d:\myfile\irrlicht\source\irrlicht\obj\debug64\cguicheckbox.obj
d:\myfile\irrlicht\source\irrlicht\obj\debug64\cguiwindow.obj
d:\myfile\irrlicht\source\irrlicht\obj\debug64\cguitreeview.obj
d:\myfile\irrlicht\source\irrlicht\obj\debug64\cguitoolbar.obj
d:\myfile\irrlicht\source\irrlicht\obj\debug64\cguitable.obj
d:\myfile\irrlicht\source\irrlicht\obj\debug64\cguitabcontrol.obj
d:\myfile\irrlicht\source\irrlicht\obj\debug64\cguistatictext.obj
d:\myfile\irrlicht\source\irrlicht\obj\debug64\jcinit.obj
d:\myfile\irrlicht\source\irrlicht\obj\debug64\jchuff.obj
d:\myfile\irrlicht\source\irrlicht\obj\debug64\jcdctmgr.obj
d:\myfile\irrlicht\source\irrlicht\obj\debug64\jccolor.obj
d:\myfile\irrlicht\source\irrlicht\obj\debug64\jccoefct.obj
d:\myfile\irrlicht\source\irrlicht\obj\debug64\jcarith.obj
d:\myfile\irrlicht\source\irrlicht\obj\debug64\jcapistd.obj
d:\myfile\irrlicht\source\irrlicht\obj\debug64\jcapimin.obj
d:\myfile\irrlicht\source\irrlicht\obj\debug64\jaricom.obj
d:\myfile\irrlicht\source\irrlicht\obj\debug64\zutil.obj
d:\myfile\irrlicht\source\irrlicht\obj\debug64\uncompr.obj
d:\myfile\irrlicht\source\irrlicht\obj\debug64\trees.obj
d:\myfile\irrlicht\source\irrlicht\obj\debug64\inftrees.obj
d:\myfile\irrlicht\source\irrlicht\obj\debug64\inflate.obj
d:\myfile\irrlicht\source\irrlicht\obj\debug64\inffast.obj
d:\myfile\irrlicht\source\irrlicht\obj\debug64\deflate.obj
d:\myfile\irrlicht\source\irrlicht\obj\debug64\crc32.obj
d:\myfile\irrlicht\source\irrlicht\obj\debug64\compress.obj
d:\myfile\irrlicht\source\irrlicht\obj\debug64\adler32.obj
d:\myfile\irrlicht\source\irrlicht\obj\debug64\lzmadec.obj
d:\myfile\irrlicht\source\irrlicht\obj\debug64\jdmarker.obj
d:\myfile\irrlicht\source\irrlicht\obj\debug64\jdmainct.obj
d:\myfile\irrlicht\source\irrlicht\obj\debug64\jdinput.obj
d:\myfile\irrlicht\source\irrlicht\obj\debug64\jdhuff.obj
d:\myfile\irrlicht\source\irrlicht\obj\debug64\jddctmgr.obj
d:\myfile\irrlicht\source\irrlicht\obj\debug64\jdcolor.obj
d:\myfile\irrlicht\source\irrlicht\obj\debug64\jdcoefct.obj
d:\myfile\irrlicht\source\irrlicht\obj\debug64\jdatasrc.obj
d:\myfile\irrlicht\source\irrlicht\obj\debug64\jdatadst.obj
d:\myfile\irrlicht\source\irrlicht\obj\debug64\jdarith.obj
d:\myfile\irrlicht\source\irrlicht\obj\debug64\jdapistd.obj
d:\myfile\irrlicht\source\irrlicht\obj\debug64\jdapimin.obj
d:\myfile\irrlicht\source\irrlicht\obj\debug64\jctrans.obj
d:\myfile\irrlicht\source\irrlicht\obj\debug64\jcsample.obj
d:\myfile\irrlicht\source\irrlicht\obj\debug64\jcprepct.obj
d:\myfile\irrlicht\source\irrlicht\obj\debug64\jcparam.obj
d:\myfile\irrlicht\source\irrlicht\obj\debug64\jcomapi.obj
d:\myfile\irrlicht\source\irrlicht\obj\debug64\jcmaster.obj
d:\myfile\irrlicht\source\irrlicht\obj\debug64\jcmarker.obj
d:\myfile\irrlicht\source\irrlicht\obj\debug64\jcmainct.obj
d:\myfile\irrlicht\source\irrlicht\obj\debug64\pngget.obj
d:\myfile\irrlicht\source\irrlicht\obj\debug64\pngerror.obj
d:\myfile\irrlicht\source\irrlicht\obj\debug64\png.obj
d:\myfile\irrlicht\source\irrlicht\obj\debug64\jutils.obj
d:\myfile\irrlicht\source\irrlicht\obj\debug64\jquant2.obj
d:\myfile\irrlicht\source\irrlicht\obj\debug64\jquant1.obj
d:\myfile\irrlicht\source\irrlicht\obj\debug64\jmemnobs.obj
d:\myfile\irrlicht\source\irrlicht\obj\debug64\jmemmgr.obj
d:\myfile\irrlicht\source\irrlicht\obj\debug64\jidctint.obj
d:\myfile\irrlicht\source\irrlicht\obj\debug64\jidctfst.obj
d:\myfile\irrlicht\source\irrlicht\obj\debug64\jidctflt.obj
d:\myfile\irrlicht\source\irrlicht\obj\debug64\jfdctint.obj
d:\myfile\irrlicht\source\irrlicht\obj\debug64\jfdctfst.obj
d:\myfile\irrlicht\source\irrlicht\obj\debug64\jfdctflt.obj
d:\myfile\irrlicht\source\irrlicht\obj\debug64\jerror.obj
d:\myfile\irrlicht\source\irrlicht\obj\debug64\jdtrans.obj
d:\myfile\irrlicht\source\irrlicht\obj\debug64\jdsample.obj
d:\myfile\irrlicht\source\irrlicht\obj\debug64\jdpostct.obj
d:\myfile\irrlicht\source\irrlicht\obj\debug64\jdmerge.obj
d:\myfile\irrlicht\source\irrlicht\obj\debug64\jdmaster.obj
d:\myfile\irrlicht\source\irrlicht\obj\debug64\randtable.obj
d:\myfile\irrlicht\source\irrlicht\obj\debug64\huffman.obj
d:\myfile\irrlicht\source\irrlicht\obj\debug64\decompress.obj
d:\myfile\irrlicht\source\irrlicht\obj\debug64\crctable.obj
d:\myfile\irrlicht\source\irrlicht\obj\debug64\bzlib.obj
d:\myfile\irrlicht\source\irrlicht\obj\debug64\bzcompress.obj
d:\myfile\irrlicht\source\irrlicht\obj\debug64\blocksort.obj
d:\myfile\irrlicht\source\irrlicht\obj\debug64\pngwutil.obj
d:\myfile\irrlicht\source\irrlicht\obj\debug64\pngwtran.obj
d:\myfile\irrlicht\source\irrlicht\obj\debug64\pngwrite.obj
d:\myfile\irrlicht\source\irrlicht\obj\debug64\pngwio.obj
d:\myfile\irrlicht\source\irrlicht\obj\debug64\pngtrans.obj
d:\myfile\irrlicht\source\irrlicht\obj\debug64\pngset.obj
d:\myfile\irrlicht\source\irrlicht\obj\debug64\pngrutil.obj
d:\myfile\irrlicht\source\irrlicht\obj\debug64\pngrtran.obj
d:\myfile\irrlicht\source\irrlicht\obj\debug64\pngrio.obj
d:\myfile\irrlicht\source\irrlicht\obj\debug64\pngread.obj
d:\myfile\irrlicht\source\irrlicht\obj\debug64\pngpread.obj
d:\myfile\irrlicht\source\irrlicht\obj\debug64\pngmem.obj
d:\myfile\irrlicht\lib\win64-visualstudio\irrlicht.lib
d:\myfile\irrlicht\lib\win64-visualstudio\irrlicht.exp
d:\myfile\irrlicht\bin\win64-visualstudio\irrlicht.dll
d:\myfile\irrlicht\source\irrlicht\obj\debug64\irrlicht.ilk
d:\myfile\irrlicht\bin\win64-visualstudio\irrlicht.pdb
d:\myfile\irrlicht\source\irrlicht\obj\debug64\irrlicht.res
d:\myfile\irrlicht\source\irrlicht\obj\debug64\hmac.obj
d:\myfile\irrlicht\source\irrlicht\obj\debug64\prng.obj
d:\myfile\irrlicht\source\irrlicht\obj\debug64\pwd2key.obj
d:\myfile\irrlicht\source\irrlicht\obj\debug64\irrlicht.tlog\cl.command.1.tlog
d:\myfile\irrlicht\source\irrlicht\obj\debug64\irrlicht.tlog\cl.read.1.tlog
d:\myfile\irrlicht\source\irrlicht\obj\debug64\irrlicht.tlog\cl.write.1.tlog
d:\myfile\irrlicht\source\irrlicht\obj\debug64\irrlicht.tlog\irrlicht.write.1u.tlog
d:\myfile\irrlicht\source\irrlicht\obj\debug64\irrlicht.tlog\link.command.1.tlog
d:\myfile\irrlicht\source\irrlicht\obj\debug64\irrlicht.tlog\link.read.1.tlog
d:\myfile\irrlicht\source\irrlicht\obj\debug64\irrlicht.tlog\link.write.1.tlog
d:\myfile\irrlicht\source\irrlicht\obj\debug64\irrlicht.tlog\rc.command.1.tlog
d:\myfile\irrlicht\source\irrlicht\obj\debug64\irrlicht.tlog\rc.read.1.tlog
d:\myfile\irrlicht\source\irrlicht\obj\debug64\irrlicht.tlog\rc.write.1.tlog
